
> vibe-generated-app@1.0.0 dev
> vite


  VITE v5.4.20  ready in 267 ms

  ➜  Local:   http://localhost:3000/
  ➜  Network: http://172.20.0.89:3000/
DEPRECATION WARNING [legacy-js-api]: The legacy JS API is deprecated and will be removed in Dart Sass 2.0.0.

More info: https://sass-lang.com/d/legacy-js-api

DEPRECATION WARNING [import]: Sass @import rules are deprecated and will be removed in Dart Sass 3.0.0.

More info and automated migrator: https://sass-lang.com/d/import

  ╷
1 │ @import './tokens';
  │         ^^^^^^^^^^
  ╵
    src/styles/index.scss 1:9  root stylesheet

DEPRECATION WARNING [import]: Sass @import rules are deprecated and will be removed in Dart Sass 3.0.0.

More info and automated migrator: https://sass-lang.com/d/import

  ╷
2 │ @import './mixins';
  │         ^^^^^^^^^^
  ╵
    src/styles/index.scss 2:9  root stylesheet

DEPRECATION WARNING [import]: Sass @import rules are deprecated and will be removed in Dart Sass 3.0.0.

More info and automated migrator: https://sass-lang.com/d/import

  ╷
3 │ @import './base';
  │         ^^^^^^^^
  ╵
    src/styles/index.scss 3:9  root stylesheet

DEPRECATION WARNING [import]: Sass @import rules are deprecated and will be removed in Dart Sass 3.0.0.

More info and automated migrator: https://sass-lang.com/d/import

  ╷
4 │ @import './layout';
  │         ^^^^^^^^^^
  ╵
    src/styles/index.scss 4:9  root stylesheet

DEPRECATION WARNING [import]: Sass @import rules are deprecated and will be removed in Dart Sass 3.0.0.

More info and automated migrator: https://sass-lang.com/d/import

  ╷
5 │ @import './components';
  │         ^^^^^^^^^^^^^^
  ╵
    src/styles/index.scss 5:9  root stylesheet

WARNING: 5 repetitive deprecation warnings omitted.

